<?xml version="1.0" encoding="UTF-8"?>
<testsuite name="com.maxtest.MaxNumTest" tests="1" skipped="0" failures="0" errors="0" timestamp="2021-06-01T18:40:42" hostname="MOONLIGHT" time="0.038">
  <properties/>
  <testcase name="givenMaxFloatNumAtThirdPosition_ShouldReturnSameNum()" classname="com.maxtest.MaxNumTest" time="0.038"/>
  <system-out><![CDATA[]]></system-out>
  <system-err><![CDATA[]]></system-err>
</testsuite>
